Unity Editor version:    2020.3.19f1 (68f137dc9bbe)
Branch:                  2020.3/staging
Build type:              Release
Batch mode:              YES
System name:             Linux
Distro version:          #47~20.04.2-Ubuntu SMP Mon Dec 13 11:06:56 UTC 2021
Kernel version:          5.11.0-43-generic
Architecture:            x86_64
Available memory:        32007 MB
Using pre-set license
Pro License: NO
Desktop is 1360 x 768 @ 60 Hz

COMMAND LINE ARGUMENTS:
Unity
-adb2
-batchMode
-noUpm
-name
AssetImportWorker0
-projectPath
/home/nobita/Documentos/VJ/REDCHILD/REDVG/redchild
-logFile
Logs/AssetImportWorker0.log
-srvPort
41079
Successfully changed project path to: /home/nobita/Documentos/VJ/REDCHILD/REDVG/redchild
/home/nobita/Documentos/VJ/REDCHILD/REDVG/redchild
Using Asset Import Pipeline V2.
Refreshing native plugins compatible for Editor in 44,19 ms, found 0 plugins.
Preloading 0 native plugins for Editor in 0,00 ms.
Initialize engine version: 2020.3.19f1 (68f137dc9bbe)
[Subsystems] Discovering subsystems at path /home/nobita/Unity/Hub/Editor/2020.3.19f1/Editor/Data/Resources/UnitySubsystems
[Subsystems] Discovering subsystems at path /home/nobita/Documentos/VJ/REDCHILD/REDVG/redchild/Assets
GLX Extensions: GLX_ARB_create_context GLX_ARB_create_context_no_error GLX_ARB_create_context_profile GLX_ARB_create_context_robustness GLX_ARB_fbconfig_float GLX_ARB_framebuffer_sRGB GLX_ARB_get_proc_address GLX_ARB_multisample GLX_EXT_buffer_age GLX_EXT_create_context_es2_profile GLX_EXT_create_context_es_profile GLX_EXT_fbconfig_packed_float GLX_EXT_framebuffer_sRGB GLX_EXT_import_context GLX_EXT_swap_control GLX_EXT_swap_control_tear GLX_EXT_texture_from_pixmap GLX_EXT_visual_info GLX_EXT_visual_rating GLX_INTEL_swap_event GLX_MESA_copy_sub_buffer GLX_MESA_query_renderer GLX_MESA_swap_control GLX_OML_swap_method GLX_OML_sync_control GLX_SGIS_multisample GLX_SGIX_fbconfig GLX_SGIX_pbuffer GLX_SGIX_visual_select_group GLX_SGI_make_current_read GLX_SGI_swap_control GLX_SGI_video_sync 
Renderer: AMD BONAIRE (DRM 2.50.0, 5.11.0-43-generic, LLVM 12.0.0)
Vendor:   AMD
Version:  4.5 (Core Profile) Mesa 21.0.3
GLES:     0
 GL_AMD_conservative_depth GL_AMD_depth_clamp_separate GL_AMD_draw_buffers_blend GL_AMD_gpu_shader_int64 GL_AMD_multi_draw_indirect GL_AMD_performance_monitor GL_AMD_pinned_memory GL_AMD_query_buffer_object GL_AMD_seamless_cubemap_per_texture GL_AMD_shader_stencil_export GL_AMD_shader_trinary_minmax GL_AMD_texture_texture4 GL_AMD_vertex_shader_layer GL_AMD_vertex_shader_viewport_index GL_ANGLE_texture_compression_dxt3 GL_ANGLE_texture_compression_dxt5 GL_ARB_ES2_compatibility GL_ARB_ES3_1_compatibility GL_ARB_ES3_2_compatibility GL_ARB_ES3_compatibility GL_ARB_arrays_of_arrays GL_ARB_base_instance GL_ARB_bindless_texture GL_ARB_blend_func_extended GL_ARB_buffer_storage GL_ARB_clear_buffer_object GL_ARB_clear_texture GL_ARB_clip_control GL_ARB_color_buffer_float GL_ARB_compressed_texture_pixel_storage GL_ARB_compute_shader GL_ARB_compute_variable_group_size GL_ARB_conditional_render_inverted GL_ARB_conservative_depth GL_ARB_copy_buffer GL_ARB_copy_image GL_ARB_cull_distance GL_ARB_debug_output GL_ARB_depth_bu
ffer_float GL_ARB_depth_clamp GL_ARB_derivative_control GL_ARB_direct_state_access GL_ARB_draw_buffers GL_ARB_draw_buffers_blend GL_ARB_draw_elements_base_vertex GL_ARB_draw_indirect GL_ARB_draw_instanced GL_ARB_enhanced_layouts GL_ARB_explicit_attrib_location GL_ARB_explicit_uniform_location GL_ARB_fragment_coord_conventions GL_ARB_fragment_layer_viewport GL_ARB_fragment_shader GL_ARB_framebuffer_no_attachments GL_ARB_framebuffer_object GL_ARB_framebuffer_sRGB GL_ARB_get_program_binary GL_ARB_get_texture_sub_image GL_ARB_gl_spirv GL_ARB_gpu_shader5 GL_ARB_gpu_shader_fp64 GL_ARB_gpu_shader_int64 GL_ARB_half_float_pixel GL_ARB_half_float_vertex GL_ARB_instanced_arrays GL_ARB_internalformat_query GL_ARB_internalformat_query2 GL_ARB_invalidate_subdata GL_ARB_map_buffer_alignment GL_ARB_map_buffer_range GL_ARB_multi_bind GL_ARB_multi_draw_indirect GL_ARB_occlusion_query2 GL_ARB_parallel_shader_compile GL_ARB_pipeline_statistics_query GL_ARB_pixel_buffer_object GL_ARB_point_sprite GL_ARB_polygon_offset_clamp GL_A
RB_program_interface_query GL_ARB_provoking_vertex GL_ARB_query_buffer_object GL_ARB_robust_buffer_access_behavior GL_ARB_robustness GL_ARB_sample_shading GL_ARB_sampler_objects GL_ARB_seamless_cube_map GL_ARB_seamless_cubemap_per_texture GL_ARB_separate_shader_objects GL_ARB_shader_atomic_counter_ops GL_ARB_shader_atomic_counters GL_ARB_shader_ballot GL_ARB_shader_bit_encoding GL_ARB_shader_clock GL_ARB_shader_group_vote GL_ARB_shader_image_load_store GL_ARB_shader_image_size GL_ARB_shader_objects GL_ARB_shader_precision GL_ARB_shader_stencil_export GL_ARB_shader_storage_buffer_object GL_ARB_shader_subroutine GL_ARB_shader_texture_image_samples GL_ARB_shader_texture_lod GL_ARB_shader_viewport_layer_array GL_ARB_shading_language_420pack GL_ARB_shading_language_include GL_ARB_shading_language_packing GL_ARB_spirv_extensions GL_ARB_stencil_texturing GL_ARB_sync GL_ARB_tessellation_shader GL_ARB_texture_barrier GL_ARB_texture_buffer_object GL_ARB_texture_buffer_object_rgb32 GL_ARB_texture_buffer_range GL_ARB_te
xture_compression_bptc GL_ARB_texture_compression_rgtc GL_ARB_texture_cube_map_array GL_ARB_texture_filter_anisotropic GL_ARB_texture_float GL_ARB_texture_gather GL_ARB_texture_mirror_clamp_to_edge GL_ARB_texture_multisample GL_ARB_texture_non_power_of_two GL_ARB_texture_query_levels GL_ARB_texture_query_lod GL_ARB_texture_rectangle GL_ARB_texture_rg GL_ARB_texture_rgb10_a2ui GL_ARB_texture_stencil8 GL_ARB_texture_storage GL_ARB_texture_storage_multisample GL_ARB_texture_swizzle GL_ARB_texture_view GL_ARB_timer_query GL_ARB_transform_feedback2 GL_ARB_transform_feedback3 GL_ARB_transform_feedback_instanced GL_ARB_transform_feedback_overflow_query GL_ARB_uniform_buffer_object GL_ARB_vertex_array_bgra GL_ARB_vertex_array_object GL_ARB_vertex_attrib_64bit GL_ARB_vertex_attrib_binding GL_ARB_vertex_buffer_object GL_ARB_vertex_shader GL_ARB_vertex_type_10f_11f_11f_rev GL_ARB_vertex_type_2_10_10_10_rev GL_ARB_viewport_array GL_ATI_blend_equation_separate GL_ATI_meminfo GL_ATI_texture_float GL_ATI_texture_mirror_onc
e GL_EXT_EGL_image_storage GL_EXT_EGL_sync GL_EXT_abgr GL_EXT_blend_equation_separate GL_EXT_demote_to_helper_invocation GL_EXT_depth_bounds_test GL_EXT_draw_buffers2 GL_EXT_draw_instanced GL_EXT_framebuffer_blit GL_EXT_framebuffer_multisample GL_EXT_framebuffer_multisample_blit_scaled GL_EXT_framebuffer_object GL_EXT_framebuffer_sRGB GL_EXT_memory_object GL_EXT_memory_object_fd GL_EXT_packed_depth_stencil GL_EXT_packed_float GL_EXT_pixel_buffer_object GL_EXT_polygon_offset_clamp GL_EXT_provoking_vertex GL_EXT_shader_image_load_formatted GL_EXT_shader_image_load_store GL_EXT_shader_integer_mix GL_EXT_shader_samples_identical GL_EXT_texture_array GL_EXT_texture_compression_dxt1 GL_EXT_texture_compression_rgtc GL_EXT_texture_compression_s3tc GL_EXT_texture_filter_anisotropic GL_EXT_texture_integer GL_EXT_texture_mirror_clamp GL_EXT_texture_sRGB GL_EXT_texture_sRGB_R8 GL_EXT_texture_sRGB_decode GL_EXT_texture_shadow_lod GL_EXT_texture_shared_exponent GL_EXT_texture_snorm GL_EXT_texture_swizzle GL_EXT_timer_quer
y GL_EXT_transform_feedback GL_EXT_vertex_array_bgra GL_EXT_vertex_attrib_64bit GL_EXT_window_rectangles GL_IBM_multimode_draw_arrays GL_INTEL_blackhole_render GL_KHR_blend_equation_advanced GL_KHR_context_flush_control GL_KHR_debug GL_KHR_no_error GL_KHR_parallel_shader_compile GL_KHR_robust_buffer_access_behavior GL_KHR_robustness GL_KHR_texture_compression_astc_ldr GL_KHR_texture_compression_astc_sliced_3d GL_MESA_framebuffer_flip_y GL_MESA_pack_invert GL_MESA_shader_integer_functions GL_MESA_texture_signed_rgba GL_NVX_gpu_memory_info GL_NV_alpha_to_coverage_dither_control GL_NV_compute_shader_derivatives GL_NV_conditional_render GL_NV_copy_image GL_NV_depth_clamp GL_NV_packed_depth_stencil GL_NV_shader_atomic_int64 GL_NV_texture_barrier GL_NV_vdpau_interop GL_OES_EGL_image GL_S3_s3tc
OPENGL LOG: Creating OpenGL 4.5 graphics device ; Context level  <OpenGL 4.5> ; Context handle -396414016
Initialize mono
Mono path[0] = '/home/nobita/Unity/Hub/Editor/2020.3.19f1/Editor/Data/Managed'
Mono path[1] = '/home/nobita/Unity/Hub/Editor/2020.3.19f1/Editor/Data/MonoBleedingEdge/lib/mono/unityjit'
Mono config path = '/home/nobita/Unity/Hub/Editor/2020.3.19f1/Editor/Data/MonoBleedingEdge/etc'
Using monoOptions --debugger-agent=transport=dt_socket,embedding=1,server=y,suspend=n,address=127.0.0.1:56016
Begin MonoManager ReloadAssembly
Registering precompiled unity dll's ...
Register platform support module: /home/nobita/Unity/Hub/Editor/2020.3.19f1/Editor/Data/PlaybackEngines/WebGLSupport/UnityEditor.WebGL.Extensions.dll
Register platform support module: /home/nobita/Unity/Hub/Editor/2020.3.19f1/Editor/Data/PlaybackEngines/MacStandaloneSupport/UnityEditor.OSXStandalone.Extensions.dll
Register platform support module: /home/nobita/Unity/Hub/Editor/2020.3.19f1/Editor/Data/PlaybackEngines/WindowsStandaloneSupport/UnityEditor.WindowsStandalone.Extensions.dll
Register platform support module: /home/nobita/Unity/Hub/Editor/2020.3.19f1/Editor/Data/PlaybackEngines/LinuxStandaloneSupport/UnityEditor.LinuxStandalone.Extensions.dll
Registered in 0,002923 seconds.
Native extension for LinuxStandalone target not found
Native extension for WindowsStandalone target not found
Native extension for OSXStandalone target not found
Native extension for WebGL target not found
Refreshing native plugins compatible for Editor in 43,51 ms, found 0 plugins.
Preloading 0 native plugins for Editor in 0,00 ms.
Mono: successfully reloaded assembly
- Completed reload, in  2,348 seconds
Domain Reload Profiling:
	ReloadAssembly (2348ms)
		BeginReloadAssembly (41ms)
			ExecutionOrderSort (0ms)
			DisableScriptedObjects (0ms)
			BackupInstance (0ms)
			ReleaseScriptingObjects (0ms)
			CreateAndSetChildDomain (1ms)
		EndReloadAssembly (598ms)
			LoadAssemblies (40ms)
			RebuildTransferFunctionScriptingTraits (0ms)
			SetupTypeCache (243ms)
			ReleaseScriptCaches (0ms)
			RebuildScriptCaches (51ms)
			SetupLoadedEditorAssemblies (230ms)
				LogAssemblyErrors (0ms)
				InitializePlatformSupportModulesInManaged (8ms)
				SetLoadedEditorAssemblies (0ms)
				RefreshPlugins (44ms)
				BeforeProcessingInitializeOnLoad (9ms)
				ProcessInitializeOnLoadAttributes (128ms)
				ProcessInitializeOnLoadMethodAttributes (40ms)
				AfterProcessingInitializeOnLoad (0ms)
				EditorAssembliesLoaded (0ms)
			ExecutionOrderSort2 (0ms)
			AwakeInstancesAfterBackupRestoration (0ms)
Platform modules already initialized, skipping
Registering precompiled user dll's ...
Registered in 0,007854 seconds.
Begin MonoManager ReloadAssembly
Native extension for LinuxStandalone target not found
Native extension for WindowsStandalone target not found
Native extension for OSXStandalone target not found
Native extension for WebGL target not found
Refreshing native plugins compatible for Editor in 0,45 ms, found 0 plugins.
Preloading 0 native plugins for Editor in 0,00 ms.
Mono: successfully reloaded assembly
- Completed reload, in  1,414 seconds
Domain Reload Profiling:
	ReloadAssembly (1415ms)
		BeginReloadAssembly (181ms)
			ExecutionOrderSort (0ms)
			DisableScriptedObjects (7ms)
			BackupInstance (0ms)
			ReleaseScriptingObjects (0ms)
			CreateAndSetChildDomain (26ms)
		EndReloadAssembly (1143ms)
			LoadAssemblies (89ms)
			RebuildTransferFunctionScriptingTraits (0ms)
			SetupTypeCache (415ms)
			ReleaseScriptCaches (1ms)
			RebuildScriptCaches (71ms)
			SetupLoadedEditorAssemblies (398ms)
				LogAssemblyErrors (0ms)
				InitializePlatformSupportModulesInManaged (9ms)
				SetLoadedEditorAssemblies (1ms)
				RefreshPlugins (0ms)
				BeforeProcessingInitializeOnLoad (69ms)
				ProcessInitializeOnLoadAttributes (306ms)
				ProcessInitializeOnLoadMethodAttributes (5ms)
				AfterProcessingInitializeOnLoad (7ms)
				EditorAssembliesLoaded (0ms)
			ExecutionOrderSort2 (0ms)
			AwakeInstancesAfterBackupRestoration (10ms)
Platform modules already initialized, skipping
========================================================================
Worker process is ready to serve import requests
Launched and connected shader compiler UnityShaderCompiler after 0.01 seconds
Refreshing native plugins compatible for Editor in 0,45 ms, found 0 plugins.
Preloading 0 native plugins for Editor in 0,00 ms.
Unloading 1397 Unused Serialized files (Serialized files now loaded: 0)
System memory in use before: 59,3 MB.
System memory in use after: 59,3 MB.

Unloading 16 unused Assets to reduce memory usage. Loaded Objects now: 1832.
Total: 6,197035 ms (FindLiveObjects: 0,277041 ms CreateObjectMapping: 0,091935 ms MarkObjects: 5,650309 ms  DeleteObjects: 0,176373 ms)

AssetImportParameters requested are different than current active one (requested -> active):
  custom:video-decoder-ogg-theora: a1e56fd34408186e4bbccfd4996cb3dc -> 
  custom:container-muxer-webm: aa71ff27fc2769a1b78a27578f13a17b -> 
  custom:container-demuxer-webm: 4f35f7cbe854078d1ac9338744f61a02 -> 
  custom:container-demuxer-ogg: 62fdf1f143b41e24485cea50d1cbac27 -> 
  custom:video-encoder-webm-vp8: eb34c28f22e8b96e1ab97ce403110664 -> 
  custom:video-decoder-webm-vp8: 9c59270c3fd7afecdb556c50c9e8de78 -> 
  custom:audio-decoder-ogg-vorbis: bf7c407c2cedff20999df2af8eb42d56 -> 
  custom:audio-encoder-webm-vorbis: bf7c407c2cedff20999df2af8eb42d56 -> 
========================================================================
Received Import Request.
  path: Assets
  artifactKey: Guid(00000000000000001000000000000000) Importer(815301076,1909f56bfc062723c751e8b465ee728b)
Start importing Assets using Guid(00000000000000001000000000000000) Importer(815301076,1909f56bfc062723c751e8b465ee728b)  -> (artifact id: '42d402b061de3733987d63b9cc3b64de') in 0,004819 seconds 
  Import took 0,008041 seconds .

========================================================================
Received Import Request.
  Time since last request: 0,981364 seconds.
  path: Assets/Animations
  artifactKey: Guid(559674b1e4a39206595471b91d4c9546) Importer(815301076,1909f56bfc062723c751e8b465ee728b)
Start importing Assets/Animations using Guid(559674b1e4a39206595471b91d4c9546) Importer(815301076,1909f56bfc062723c751e8b465ee728b)  -> (artifact id: '5f439df752894f9993b452eaf6203355') in 0,001298 seconds 
  Import took 0,004039 seconds .

========================================================================
Received Import Request.
  Time since last request: 7,388107 seconds.
  path: Assets/Audio
  artifactKey: Guid(77a4c7aa60bd5350185ef5261baadd9f) Importer(815301076,1909f56bfc062723c751e8b465ee728b)
Start importing Assets/Audio using Guid(77a4c7aa60bd5350185ef5261baadd9f) Importer(815301076,1909f56bfc062723c751e8b465ee728b)  -> (artifact id: 'e5486493ea37471528e2e4ce6bc8920a') in 0,001276 seconds 
  Import took 0,004098 seconds .

========================================================================
Received Import Request.
  Time since last request: 21,516980 seconds.
  path: Assets/Materials
  artifactKey: Guid(650d758bb9ac80810978c3b0a31bb712) Importer(815301076,1909f56bfc062723c751e8b465ee728b)
Start importing Assets/Materials using Guid(650d758bb9ac80810978c3b0a31bb712) Importer(815301076,1909f56bfc062723c751e8b465ee728b)  -> (artifact id: 'bbcc4127b763ad2c69db8848d9fa592c') in 0,001751 seconds 
  Import took 0,005209 seconds .

========================================================================
Received Import Request.
  Time since last request: 22,959550 seconds.
  path: Assets/Prefabs
  artifactKey: Guid(172b6702dd0e8d56eb8504d04c3ae8d7) Importer(815301076,1909f56bfc062723c751e8b465ee728b)
Start importing Assets/Prefabs using Guid(172b6702dd0e8d56eb8504d04c3ae8d7) Importer(815301076,1909f56bfc062723c751e8b465ee728b)  -> (artifact id: 'fb1c924ed0cdc1aa85f0ee6138486bbf') in 0,001289 seconds 
  Import took 0,004126 seconds .

========================================================================
Received Import Request.
  Time since last request: 19,577352 seconds.
  path: Assets/Scripts
  artifactKey: Guid(d2ab41b72c2bbc2408cd6913c1e66a61) Importer(815301076,1909f56bfc062723c751e8b465ee728b)
Start importing Assets/Scripts using Guid(d2ab41b72c2bbc2408cd6913c1e66a61) Importer(815301076,1909f56bfc062723c751e8b465ee728b)  -> (artifact id: '5e6dbca413ecddcb9836af958fdf29de') in 0,001410 seconds 
  Import took 0,004454 seconds .

========================================================================
Received Import Request.
  Time since last request: 13,041931 seconds.
  path: Assets/Sprites
  artifactKey: Guid(12ab59d6adf1dc8a3b88e14978ccaf76) Importer(815301076,1909f56bfc062723c751e8b465ee728b)
Start importing Assets/Sprites using Guid(12ab59d6adf1dc8a3b88e14978ccaf76) Importer(815301076,1909f56bfc062723c751e8b465ee728b)  -> (artifact id: '675172f3a04374414f8dc3594dab0ced') in 0,001318 seconds 
  Import took 0,004227 seconds .

========================================================================
Received Import Request.
  Time since last request: 20,330497 seconds.
  path: Assets/Tiles
  artifactKey: Guid(ece6759c606c48ddf8ca6e480526b8e7) Importer(815301076,1909f56bfc062723c751e8b465ee728b)
Start importing Assets/Tiles using Guid(ece6759c606c48ddf8ca6e480526b8e7) Importer(815301076,1909f56bfc062723c751e8b465ee728b)  -> (artifact id: 'cdb3401df572dd4b6e39f9b1f77cd486') in 0,001292 seconds 
  Import took 0,008729 seconds .

========================================================================
Received Import Request.
  Time since last request: 1501,698373 seconds.
  path: Assets/Audio/coin.wav
  artifactKey: Guid(c16250de7327e7f2c8c03275c054940c) Importer(815301076,1909f56bfc062723c751e8b465ee728b)
Start importing Assets/Audio/coin.wav using Guid(c16250de7327e7f2c8c03275c054940c) Importer(815301076,1909f56bfc062723c751e8b465ee728b)  -> (artifact id: '5ecd434f1361aeb9f9f803d92d3a1f64') in 0,103103 seconds 
  Import took 0,106530 seconds .

========================================================================
Received Import Request.
  Time since last request: 0,000226 seconds.
  path: Assets/Audio/jump.wav
  artifactKey: Guid(3dc766d06a20abc1ab8a1fef8b5675f3) Importer(815301076,1909f56bfc062723c751e8b465ee728b)
Start importing Assets/Audio/jump.wav using Guid(3dc766d06a20abc1ab8a1fef8b5675f3) Importer(815301076,1909f56bfc062723c751e8b465ee728b)  -> (artifact id: 'f3f638e38ff7a4b3bfc1e31a86a38ebe') in 0,006542 seconds 
  Import took 0,009189 seconds .

========================================================================
Received Import Request.
  Time since last request: 0,000261 seconds.
  path: Assets/Audio/win.wav
  artifactKey: Guid(56609e10ccb9a8dcfb84b4ebba085ba3) Importer(815301076,1909f56bfc062723c751e8b465ee728b)
Start importing Assets/Audio/win.wav using Guid(56609e10ccb9a8dcfb84b4ebba085ba3) Importer(815301076,1909f56bfc062723c751e8b465ee728b)  -> (artifact id: '65bf710cbc8fe9b29fadde46e63baeb2') in 0,006515 seconds 
  Import took 0,009435 seconds .

========================================================================
Received Import Request.
  Time since last request: 0,000228 seconds.
  path: Assets/Audio/gameplay.mp3
  artifactKey: Guid(9b6776cd3a895385ab156e2deba48b88) Importer(815301076,1909f56bfc062723c751e8b465ee728b)
Start importing Assets/Audio/gameplay.mp3 using Guid(9b6776cd3a895385ab156e2deba48b88) Importer(815301076,1909f56bfc062723c751e8b465ee728b)  -> (artifact id: 'aaa48feb05fa6cf759aeeb0b73dd8a71') in 0,006835 seconds 
  Import took 0,009555 seconds .

========================================================================
Received Import Request.
  Time since last request: 0,000215 seconds.
  path: Assets/Audio/enemyHit.wav
  artifactKey: Guid(fdea8b405bb8b88d48bb3879d9de86d1) Importer(815301076,1909f56bfc062723c751e8b465ee728b)
Start importing Assets/Audio/enemyHit.wav using Guid(fdea8b405bb8b88d48bb3879d9de86d1) Importer(815301076,1909f56bfc062723c751e8b465ee728b)  -> (artifact id: 'bf75a350007b6fcf3fe2a92944ca2a8f') in 0,006841 seconds 
  Import took 0,009794 seconds .

========================================================================
Received Import Request.
  Time since last request: 0,000180 seconds.
  path: Assets/Audio/gui.wav
  artifactKey: Guid(ea73d8f6c7a498b96b5b40b729de3a13) Importer(815301076,1909f56bfc062723c751e8b465ee728b)
Start importing Assets/Audio/gui.wav using Guid(ea73d8f6c7a498b96b5b40b729de3a13) Importer(815301076,1909f56bfc062723c751e8b465ee728b)  -> (artifact id: '2760aa1eb475b561de128cce0b339128') in 0,006838 seconds 
  Import took 0,009909 seconds .

========================================================================
Received Import Request.
  Time since last request: 0,000205 seconds.
  path: Assets/Audio/heroHit.wav
  artifactKey: Guid(f4c95973b6aee96eb885b68b9adfa869) Importer(815301076,1909f56bfc062723c751e8b465ee728b)
Start importing Assets/Audio/heroHit.wav using Guid(f4c95973b6aee96eb885b68b9adfa869) Importer(815301076,1909f56bfc062723c751e8b465ee728b)  -> (artifact id: '7bab27ef83cff1c976002a51b498a3c3') in 0,007245 seconds 
  Import took 0,010049 seconds .

========================================================================
Received Import Request.
  Time since last request: 135,551382 seconds.
  path: Assets/Sprites/Gameplay/bat.png
  artifactKey: Guid(4dd1c33fcec8173a5b6241c9c3bf93e5) Importer(815301076,1909f56bfc062723c751e8b465ee728b)
Start importing Assets/Sprites/Gameplay/bat.png using Guid(4dd1c33fcec8173a5b6241c9c3bf93e5) Importer(815301076,1909f56bfc062723c751e8b465ee728b)  -> (artifact id: '3b9ede535dedcc52fdb8143bb9dd9b60') in 0,019568 seconds 
  Import took 0,022599 seconds .

========================================================================
Received Import Request.
  Time since last request: 0,000247 seconds.
  path: Assets/Sprites/Gameplay/trap.png
  artifactKey: Guid(a469ca63f99dcfca1a9d19f1251f211e) Importer(815301076,1909f56bfc062723c751e8b465ee728b)
Start importing Assets/Sprites/Gameplay/trap.png using Guid(a469ca63f99dcfca1a9d19f1251f211e) Importer(815301076,1909f56bfc062723c751e8b465ee728b)  -> (artifact id: '3ca0b9ee49b9d7b7b3b34ecf53961000') in 0,004725 seconds 
  Import took 0,007309 seconds .

========================================================================
Received Import Request.
  Time since last request: 0,000189 seconds.
  path: Assets/Sprites/Gameplay/coins.png
  artifactKey: Guid(cd6d20e607018841c9bce7f727af3d45) Importer(815301076,1909f56bfc062723c751e8b465ee728b)
Start importing Assets/Sprites/Gameplay/coins.png using Guid(cd6d20e607018841c9bce7f727af3d45) Importer(815301076,1909f56bfc062723c751e8b465ee728b)  -> (artifact id: 'de043226f161cd3a8a6c7137d6cbb56c') in 0,004852 seconds 
  Import took 0,007572 seconds .

========================================================================
Received Import Request.
  Time since last request: 0,000215 seconds.
  path: Assets/Sprites/Gameplay/pop.png
  artifactKey: Guid(a06243e5eba62e2bc93676fea7eaa144) Importer(815301076,1909f56bfc062723c751e8b465ee728b)
Start importing Assets/Sprites/Gameplay/pop.png using Guid(a06243e5eba62e2bc93676fea7eaa144) Importer(815301076,1909f56bfc062723c751e8b465ee728b)  -> (artifact id: 'c496fb1dae5ab30a4968f3463afacbe7') in 0,005047 seconds 
  Import took 0,007753 seconds .

========================================================================
Received Import Request.
  Time since last request: 0,000175 seconds.
  path: Assets/Sprites/Gameplay/sign.png
  artifactKey: Guid(b7e8ad174452adf9c8d1abfa050700fe) Importer(815301076,1909f56bfc062723c751e8b465ee728b)
Start importing Assets/Sprites/Gameplay/sign.png using Guid(b7e8ad174452adf9c8d1abfa050700fe) Importer(815301076,1909f56bfc062723c751e8b465ee728b)  -> (artifact id: '6d0d007b20a10289d53b024789a72041') in 0,004723 seconds 
  Import took 0,007272 seconds .

========================================================================
Received Import Request.
  Time since last request: 0,000274 seconds.
  path: Assets/Sprites/Gameplay/boy.png
  artifactKey: Guid(29f98fd4d2c61c26e8dcfdf52dd3eaec) Importer(815301076,1909f56bfc062723c751e8b465ee728b)
Start importing Assets/Sprites/Gameplay/boy.png using Guid(29f98fd4d2c61c26e8dcfdf52dd3eaec) Importer(815301076,1909f56bfc062723c751e8b465ee728b)  -> (artifact id: '314ea121974d29144199019af9e30bb6') in 0,005149 seconds 
  Import took 0,008022 seconds .

========================================================================
Received Import Request.
  Time since last request: 0,000221 seconds.
  path: Assets/Sprites/Gameplay/shine.png
  artifactKey: Guid(ed9a05aef43347f488b3e81492acbae1) Importer(815301076,1909f56bfc062723c751e8b465ee728b)
Start importing Assets/Sprites/Gameplay/shine.png using Guid(ed9a05aef43347f488b3e81492acbae1) Importer(815301076,1909f56bfc062723c751e8b465ee728b)  -> (artifact id: '2c953789e2608cc3f0e3b0453a91ccb0') in 0,004702 seconds 
  Import took 0,007324 seconds .

========================================================================
Received Import Request.
  Time since last request: 0,000245 seconds.
  path: Assets/Sprites/Gameplay/flame.png
  artifactKey: Guid(2027f1c216ce0487e9aebe1fbfe902a3) Importer(815301076,1909f56bfc062723c751e8b465ee728b)
Start importing Assets/Sprites/Gameplay/flame.png using Guid(2027f1c216ce0487e9aebe1fbfe902a3) Importer(815301076,1909f56bfc062723c751e8b465ee728b)  -> (artifact id: '32f71f6d2bf4b3ae5607a9cf812d5ea4') in 0,004974 seconds 
  Import took 0,007866 seconds .

========================================================================
Received Import Request.
  Time since last request: 0,000238 seconds.
  path: Assets/Sprites/Gameplay/puff.png
  artifactKey: Guid(584d1ebbddee7fa1c95185ec35b10af5) Importer(815301076,1909f56bfc062723c751e8b465ee728b)
Start importing Assets/Sprites/Gameplay/puff.png using Guid(584d1ebbddee7fa1c95185ec35b10af5) Importer(815301076,1909f56bfc062723c751e8b465ee728b)  -> (artifact id: '1513c1dd0724279ee452f4366932b426') in 0,005165 seconds 
  Import took 0,007913 seconds .

========================================================================
Received Import Request.
  Time since last request: 0,000339 seconds.
  path: Assets/Sprites/Gameplay/girl.png
  artifactKey: Guid(64fde2c203f8acb9f83c2af18c980e9e) Importer(815301076,1909f56bfc062723c751e8b465ee728b)
Start importing Assets/Sprites/Gameplay/girl.png using Guid(64fde2c203f8acb9f83c2af18c980e9e) Importer(815301076,1909f56bfc062723c751e8b465ee728b)  -> (artifact id: '3fa6126850cebfac7babc74a79d8dbfb') in 0,005040 seconds 
  Import took 0,008019 seconds .

========================================================================
Received Import Request.
  Time since last request: 0,000221 seconds.
  path: Assets/Sprites/Gameplay/calab.png
  artifactKey: Guid(a9f232747538aee29bc8cff89b073003) Importer(815301076,1909f56bfc062723c751e8b465ee728b)
Start importing Assets/Sprites/Gameplay/calab.png using Guid(a9f232747538aee29bc8cff89b073003) Importer(815301076,1909f56bfc062723c751e8b465ee728b)  -> (artifact id: '6641e6273c4fd3d08601d82962e1bcc1') in 0,005131 seconds 
  Import took 0,007869 seconds .

========================================================================
Received Import Request.
  Time since last request: 0,000205 seconds.
  path: Assets/Sprites/Gameplay/heart.png
  artifactKey: Guid(d5fae63bf05021c79bf05a57c0666e89) Importer(815301076,1909f56bfc062723c751e8b465ee728b)
Start importing Assets/Sprites/Gameplay/heart.png using Guid(d5fae63bf05021c79bf05a57c0666e89) Importer(815301076,1909f56bfc062723c751e8b465ee728b)  -> (artifact id: '326dc78edd74627505eecd09dfa8f55d') in 0,004751 seconds 
  Import took 0,007441 seconds .

========================================================================
Received Import Request.
  Time since last request: 0,000181 seconds.
  path: Assets/Sprites/Gameplay/slime.png
  artifactKey: Guid(d929c0a4d9e62b40ab14f9b79ac31f79) Importer(815301076,1909f56bfc062723c751e8b465ee728b)
Start importing Assets/Sprites/Gameplay/slime.png using Guid(d929c0a4d9e62b40ab14f9b79ac31f79) Importer(815301076,1909f56bfc062723c751e8b465ee728b)  -> (artifact id: 'fc3016c84440b3e4d5101ad4c4b052bf') in 0,004533 seconds 
  Import took 0,006991 seconds .

========================================================================
Received Import Request.
  Time since last request: 0,000186 seconds.
  path: Assets/Sprites/Gameplay/gem.png
  artifactKey: Guid(fd4787de5fea42295bb173c3e4d8ed20) Importer(815301076,1909f56bfc062723c751e8b465ee728b)
Start importing Assets/Sprites/Gameplay/gem.png using Guid(fd4787de5fea42295bb173c3e4d8ed20) Importer(815301076,1909f56bfc062723c751e8b465ee728b)  -> (artifact id: '57d2a4d4408322f0affe5ce9979cdb4e') in 0,004773 seconds 
  Import took 0,007427 seconds .

========================================================================
Received Import Request.
  Time since last request: 0,000254 seconds.
  path: Assets/Sprites/Gameplay/spikes.png
  artifactKey: Guid(0bcc749b38b961e2aab930fa79ee901b) Importer(815301076,1909f56bfc062723c751e8b465ee728b)
Start importing Assets/Sprites/Gameplay/spikes.png using Guid(0bcc749b38b961e2aab930fa79ee901b) Importer(815301076,1909f56bfc062723c751e8b465ee728b)  -> (artifact id: '6cff19157a5fc3d37c15052baa2ac019') in 0,004702 seconds 
  Import took 0,007365 seconds .

========================================================================
Received Import Request.
  Time since last request: 2322,360006 seconds.
  path: Assets/Sprites/Gameplay/boy.png
  artifactKey: Guid(29f98fd4d2c61c26e8dcfdf52dd3eaec) Importer(815301076,1909f56bfc062723c751e8b465ee728b)
Start importing Assets/Sprites/Gameplay/boy.png using Guid(29f98fd4d2c61c26e8dcfdf52dd3eaec) Importer(815301076,1909f56bfc062723c751e8b465ee728b)  -> (artifact id: 'bb104b7a38fb3a356c8d57de8bf500d3') in 0,021096 seconds 
  Import took 0,024182 seconds .

========================================================================
Received Import Request.
  Time since last request: 0,041276 seconds.
  path: Assets/Sprites/Gameplay/bat.png
  artifactKey: Guid(4dd1c33fcec8173a5b6241c9c3bf93e5) Importer(815301076,1909f56bfc062723c751e8b465ee728b)
Start importing Assets/Sprites/Gameplay/bat.png using Guid(4dd1c33fcec8173a5b6241c9c3bf93e5) Importer(815301076,1909f56bfc062723c751e8b465ee728b)  -> (artifact id: '32ca20b24c71876bbf470603ca54cc32') in 0,007658 seconds 
  Import took 0,010853 seconds .

========================================================================
Received Import Request.
  Time since last request: 0,000236 seconds.
  path: Assets/Sprites/Gameplay/trap.png
  artifactKey: Guid(a469ca63f99dcfca1a9d19f1251f211e) Importer(815301076,1909f56bfc062723c751e8b465ee728b)
Start importing Assets/Sprites/Gameplay/trap.png using Guid(a469ca63f99dcfca1a9d19f1251f211e) Importer(815301076,1909f56bfc062723c751e8b465ee728b)  -> (artifact id: '2d902627713582507f06ece506cf230b') in 0,007277 seconds 
  Import took 0,010221 seconds .

========================================================================
Received Import Request.
  Time since last request: 0,000188 seconds.
  path: Assets/Sprites/Gameplay/coins.png
  artifactKey: Guid(cd6d20e607018841c9bce7f727af3d45) Importer(815301076,1909f56bfc062723c751e8b465ee728b)
Start importing Assets/Sprites/Gameplay/coins.png using Guid(cd6d20e607018841c9bce7f727af3d45) Importer(815301076,1909f56bfc062723c751e8b465ee728b)  -> (artifact id: 'bc8dfecad8f6706a135cceec9ad8e765') in 0,007313 seconds 
  Import took 0,009911 seconds .

========================================================================
Received Import Request.
  Time since last request: 0,000168 seconds.
  path: Assets/Sprites/Gameplay/pop.png
  artifactKey: Guid(a06243e5eba62e2bc93676fea7eaa144) Importer(815301076,1909f56bfc062723c751e8b465ee728b)
Start importing Assets/Sprites/Gameplay/pop.png using Guid(a06243e5eba62e2bc93676fea7eaa144) Importer(815301076,1909f56bfc062723c751e8b465ee728b)  -> (artifact id: 'f09d9537bac9849441052c03cdb76d9a') in 0,007985 seconds 
  Import took 0,010888 seconds .

========================================================================
Received Import Request.
  Time since last request: 0,000287 seconds.
  path: Assets/Sprites/Gameplay/sign.png
  artifactKey: Guid(b7e8ad174452adf9c8d1abfa050700fe) Importer(815301076,1909f56bfc062723c751e8b465ee728b)
Start importing Assets/Sprites/Gameplay/sign.png using Guid(b7e8ad174452adf9c8d1abfa050700fe) Importer(815301076,1909f56bfc062723c751e8b465ee728b)  -> (artifact id: 'a1a509267f475a348da486b187318f0f') in 0,007286 seconds 
  Import took 0,009968 seconds .

========================================================================
Received Import Request.
  Time since last request: 0,000252 seconds.
  path: Assets/Sprites/Gameplay/shine.png
  artifactKey: Guid(ed9a05aef43347f488b3e81492acbae1) Importer(815301076,1909f56bfc062723c751e8b465ee728b)
Start importing Assets/Sprites/Gameplay/shine.png using Guid(ed9a05aef43347f488b3e81492acbae1) Importer(815301076,1909f56bfc062723c751e8b465ee728b)  -> (artifact id: 'efae1c5553f4c4b5a8f843853c454191') in 0,007167 seconds 
  Import took 0,009788 seconds .

========================================================================
Received Import Request.
  Time since last request: 0,000262 seconds.
  path: Assets/Sprites/Gameplay/flame.png
  artifactKey: Guid(2027f1c216ce0487e9aebe1fbfe902a3) Importer(815301076,1909f56bfc062723c751e8b465ee728b)
Start importing Assets/Sprites/Gameplay/flame.png using Guid(2027f1c216ce0487e9aebe1fbfe902a3) Importer(815301076,1909f56bfc062723c751e8b465ee728b)  -> (artifact id: '6ed8f5d797a26f6e40c09214dbbff31b') in 0,007918 seconds 
  Import took 0,010620 seconds .

========================================================================
Received Import Request.
  Time since last request: 0,000214 seconds.
  path: Assets/Sprites/Gameplay/puff.png
  artifactKey: Guid(584d1ebbddee7fa1c95185ec35b10af5) Importer(815301076,1909f56bfc062723c751e8b465ee728b)
Start importing Assets/Sprites/Gameplay/puff.png using Guid(584d1ebbddee7fa1c95185ec35b10af5) Importer(815301076,1909f56bfc062723c751e8b465ee728b)  -> (artifact id: '9d18e58044060bcedbb578433296dd77') in 0,009808 seconds 
  Import took 0,012504 seconds .

========================================================================
Received Import Request.
  Time since last request: 0,000241 seconds.
  path: Assets/Sprites/Gameplay/girl.png
  artifactKey: Guid(64fde2c203f8acb9f83c2af18c980e9e) Importer(815301076,1909f56bfc062723c751e8b465ee728b)
Start importing Assets/Sprites/Gameplay/girl.png using Guid(64fde2c203f8acb9f83c2af18c980e9e) Importer(815301076,1909f56bfc062723c751e8b465ee728b)  -> (artifact id: '2d7096d6270e7dd4f9df7b584349187f') in 0,008113 seconds 
  Import took 0,011177 seconds .

========================================================================
Received Import Request.
  Time since last request: 0,000282 seconds.
  path: Assets/Sprites/Gameplay/calab.png
  artifactKey: Guid(a9f232747538aee29bc8cff89b073003) Importer(815301076,1909f56bfc062723c751e8b465ee728b)
Start importing Assets/Sprites/Gameplay/calab.png using Guid(a9f232747538aee29bc8cff89b073003) Importer(815301076,1909f56bfc062723c751e8b465ee728b)  -> (artifact id: 'acfaf59d1b6796c0bbfaf817787b31c4') in 0,007350 seconds 
  Import took 0,010281 seconds .

========================================================================
Received Import Request.
  Time since last request: 0,000238 seconds.
  path: Assets/Sprites/Gameplay/heart.png
  artifactKey: Guid(d5fae63bf05021c79bf05a57c0666e89) Importer(815301076,1909f56bfc062723c751e8b465ee728b)
Start importing Assets/Sprites/Gameplay/heart.png using Guid(d5fae63bf05021c79bf05a57c0666e89) Importer(815301076,1909f56bfc062723c751e8b465ee728b)  -> (artifact id: '176884406e982093892a1c3c29e45ba5') in 0,007409 seconds 
  Import took 0,010048 seconds .

========================================================================
Received Import Request.
  Time since last request: 0,000211 seconds.
  path: Assets/Sprites/Gameplay/slime.png
  artifactKey: Guid(d929c0a4d9e62b40ab14f9b79ac31f79) Importer(815301076,1909f56bfc062723c751e8b465ee728b)
Start importing Assets/Sprites/Gameplay/slime.png using Guid(d929c0a4d9e62b40ab14f9b79ac31f79) Importer(815301076,1909f56bfc062723c751e8b465ee728b)  -> (artifact id: 'd1e4d4ac9866492cd600e50dab8de1fc') in 0,007319 seconds 
  Import took 0,009949 seconds .

========================================================================
Received Import Request.
  Time since last request: 0,000198 seconds.
  path: Assets/Sprites/Gameplay/gem.png
  artifactKey: Guid(fd4787de5fea42295bb173c3e4d8ed20) Importer(815301076,1909f56bfc062723c751e8b465ee728b)
Start importing Assets/Sprites/Gameplay/gem.png using Guid(fd4787de5fea42295bb173c3e4d8ed20) Importer(815301076,1909f56bfc062723c751e8b465ee728b)  -> (artifact id: '09fd507a97f60c8dacdac0e17b1e5573') in 0,007080 seconds 
  Import took 0,009816 seconds .

========================================================================
Received Import Request.
  Time since last request: 0,000201 seconds.
  path: Assets/Sprites/Gameplay/spikes.png
  artifactKey: Guid(0bcc749b38b961e2aab930fa79ee901b) Importer(815301076,1909f56bfc062723c751e8b465ee728b)
Start importing Assets/Sprites/Gameplay/spikes.png using Guid(0bcc749b38b961e2aab930fa79ee901b) Importer(815301076,1909f56bfc062723c751e8b465ee728b)  -> (artifact id: '69606d18d2b5037806f21ccc7cbcf5db') in 0,007243 seconds 
  Import took 0,009848 seconds .

========================================================================
Received Import Request.
  Time since last request: 12,099685 seconds.
  path: Assets/Sprites/Scenario/bg0.png
  artifactKey: Guid(a7572bc5fb1bfd4879530119ca871958) Importer(815301076,1909f56bfc062723c751e8b465ee728b)
Start importing Assets/Sprites/Scenario/bg0.png using Guid(a7572bc5fb1bfd4879530119ca871958) Importer(815301076,1909f56bfc062723c751e8b465ee728b)  -> (artifact id: '08b0e2a8fd6a942ce2ed9fa0e8047cee') in 0,008979 seconds 
  Import took 0,012728 seconds .

========================================================================
Received Import Request.
  Time since last request: 0,000232 seconds.
  path: Assets/Sprites/Scenario/ground.png
  artifactKey: Guid(2c606e5ed8ee896d4ad0a86b5d6ca785) Importer(815301076,1909f56bfc062723c751e8b465ee728b)
Start importing Assets/Sprites/Scenario/ground.png using Guid(2c606e5ed8ee896d4ad0a86b5d6ca785) Importer(815301076,1909f56bfc062723c751e8b465ee728b)  -> (artifact id: '13bac32ecef741363b752fd1ccdc0b00') in 0,004879 seconds 
  Import took 0,007597 seconds .

========================================================================
Received Import Request.
  Time since last request: 0,000228 seconds.
  path: Assets/Sprites/Scenario/bg2.png
  artifactKey: Guid(a238d095a49e70c01b30b68332bd7c0d) Importer(815301076,1909f56bfc062723c751e8b465ee728b)
Start importing Assets/Sprites/Scenario/bg2.png using Guid(a238d095a49e70c01b30b68332bd7c0d) Importer(815301076,1909f56bfc062723c751e8b465ee728b)  -> (artifact id: 'd92d4c10b8cae61837890ace5abf5d0c') in 0,005441 seconds 
  Import took 0,008083 seconds .

========================================================================
Received Import Request.
  Time since last request: 0,000199 seconds.
  path: Assets/Sprites/Scenario/bg1.png
  artifactKey: Guid(1c4d74a4f76cc633883f2c3248bb89d2) Importer(815301076,1909f56bfc062723c751e8b465ee728b)
Start importing Assets/Sprites/Scenario/bg1.png using Guid(1c4d74a4f76cc633883f2c3248bb89d2) Importer(815301076,1909f56bfc062723c751e8b465ee728b)  -> (artifact id: '5eaf3dc1bc73be2f6383a1f148c1499f') in 0,005534 seconds 
  Import took 0,008263 seconds .

========================================================================
Received Import Request.
  Time since last request: 64,465246 seconds.
  path: Assets/Sprites/Scenario/bg1.png
  artifactKey: Guid(1c4d74a4f76cc633883f2c3248bb89d2) Importer(815301076,1909f56bfc062723c751e8b465ee728b)
Start importing Assets/Sprites/Scenario/bg1.png using Guid(1c4d74a4f76cc633883f2c3248bb89d2) Importer(815301076,1909f56bfc062723c751e8b465ee728b)  -> (artifact id: 'deae9a4c35d6b34452a68a204bff7955') in 0,009759 seconds 
  Import took 0,012862 seconds .

========================================================================
Received Import Request.
  Time since last request: 0,019977 seconds.
  path: Assets/Sprites/Scenario/bg0.png
  artifactKey: Guid(a7572bc5fb1bfd4879530119ca871958) Importer(815301076,1909f56bfc062723c751e8b465ee728b)
Start importing Assets/Sprites/Scenario/bg0.png using Guid(a7572bc5fb1bfd4879530119ca871958) Importer(815301076,1909f56bfc062723c751e8b465ee728b)  -> (artifact id: 'fa2eef34ca87494957e0e0be798c24b9') in 0,009014 seconds 
  Import took 0,012217 seconds .

========================================================================
Received Import Request.
  Time since last request: 0,000298 seconds.
  path: Assets/Sprites/Scenario/ground.png
  artifactKey: Guid(2c606e5ed8ee896d4ad0a86b5d6ca785) Importer(815301076,1909f56bfc062723c751e8b465ee728b)
Start importing Assets/Sprites/Scenario/ground.png using Guid(2c606e5ed8ee896d4ad0a86b5d6ca785) Importer(815301076,1909f56bfc062723c751e8b465ee728b)  -> (artifact id: 'd3301631b1463938420f4f25818b5cdc') in 0,007792 seconds 
  Import took 0,010389 seconds .

========================================================================
Received Import Request.
  Time since last request: 0,000252 seconds.
  path: Assets/Sprites/Scenario/bg2.png
  artifactKey: Guid(a238d095a49e70c01b30b68332bd7c0d) Importer(815301076,1909f56bfc062723c751e8b465ee728b)
Start importing Assets/Sprites/Scenario/bg2.png using Guid(a238d095a49e70c01b30b68332bd7c0d) Importer(815301076,1909f56bfc062723c751e8b465ee728b)  -> (artifact id: '858b017a5a7b4d5e2dea429ebe32e398') in 0,009185 seconds 
  Import took 0,011856 seconds .

========================================================================
Received Import Request.
  Time since last request: 42,835609 seconds.
  path: Assets/Sprites/UI/guiButtons1.png
  artifactKey: Guid(5e4c1118d43f99e0e9f103976252ba19) Importer(815301076,1909f56bfc062723c751e8b465ee728b)
Start importing Assets/Sprites/UI/guiButtons1.png using Guid(5e4c1118d43f99e0e9f103976252ba19) Importer(815301076,1909f56bfc062723c751e8b465ee728b)  -> (artifact id: 'c518af35b7e62f9ba82682ceddb6afe9') in 0,005715 seconds 
  Import took 0,008919 seconds .

========================================================================
Received Import Request.
  Time since last request: 0,000213 seconds.
  path: Assets/Sprites/UI/guiIcons.png
  artifactKey: Guid(a1de29e9e16605f55884366aabbc92e6) Importer(815301076,1909f56bfc062723c751e8b465ee728b)
Start importing Assets/Sprites/UI/guiIcons.png using Guid(a1de29e9e16605f55884366aabbc92e6) Importer(815301076,1909f56bfc062723c751e8b465ee728b)  -> (artifact id: '5b66b406f4016d667674ab093a6a7e52') in 0,005492 seconds 
  Import took 0,008103 seconds .

========================================================================
Received Import Request.
  Time since last request: 0,000243 seconds.
  path: Assets/Sprites/UI/guiPanels1.png
  artifactKey: Guid(8510ad76b2bf66bb2adabf70c32cfa72) Importer(815301076,1909f56bfc062723c751e8b465ee728b)
Start importing Assets/Sprites/UI/guiPanels1.png using Guid(8510ad76b2bf66bb2adabf70c32cfa72) Importer(815301076,1909f56bfc062723c751e8b465ee728b)  -> (artifact id: 'a8e8af1bf5caa5eecd8cb4caeecf55a8') in 0,004852 seconds 
  Import took 0,007672 seconds .

========================================================================
Received Import Request.
  Time since last request: 0,000281 seconds.
  path: Assets/Sprites/UI/logo1.png
  artifactKey: Guid(057d8c091c9dbfc1187f1b6c943765f9) Importer(815301076,1909f56bfc062723c751e8b465ee728b)
Start importing Assets/Sprites/UI/logo1.png using Guid(057d8c091c9dbfc1187f1b6c943765f9) Importer(815301076,1909f56bfc062723c751e8b465ee728b)  -> (artifact id: 'eb988f143cd89533778ce7daf7231714') in 0,005820 seconds 
  Import took 0,008926 seconds .

========================================================================
Received Import Request.
  Time since last request: 68,048090 seconds.
  path: Assets/Sprites/UI/guiButtons1.png
  artifactKey: Guid(5e4c1118d43f99e0e9f103976252ba19) Importer(815301076,1909f56bfc062723c751e8b465ee728b)
Start importing Assets/Sprites/UI/guiButtons1.png using Guid(5e4c1118d43f99e0e9f103976252ba19) Importer(815301076,1909f56bfc062723c751e8b465ee728b)  -> (artifact id: 'c401e220eb326b139da340edee78c049') in 0,008791 seconds 
  Import took 0,011813 seconds .

========================================================================
Received Import Request.
  Time since last request: 0,029227 seconds.
  path: Assets/Sprites/UI/guiIcons.png
  artifactKey: Guid(a1de29e9e16605f55884366aabbc92e6) Importer(815301076,1909f56bfc062723c751e8b465ee728b)
Start importing Assets/Sprites/UI/guiIcons.png using Guid(a1de29e9e16605f55884366aabbc92e6) Importer(815301076,1909f56bfc062723c751e8b465ee728b)  -> (artifact id: 'f78a9a017db2c7b88ce9d66364eeb568') in 0,010387 seconds 
  Import took 0,013544 seconds .

========================================================================
Received Import Request.
  Time since last request: 0,000258 seconds.
  path: Assets/Sprites/UI/guiPanels1.png
  artifactKey: Guid(8510ad76b2bf66bb2adabf70c32cfa72) Importer(815301076,1909f56bfc062723c751e8b465ee728b)
Start importing Assets/Sprites/UI/guiPanels1.png using Guid(8510ad76b2bf66bb2adabf70c32cfa72) Importer(815301076,1909f56bfc062723c751e8b465ee728b)  -> (artifact id: '43d9e279a01d6448f8742a8b513ba8a9') in 0,007983 seconds 
  Import took 0,010721 seconds .

========================================================================
Received Import Request.
  Time since last request: 102,871091 seconds.
  path: Assets/Sprites/UI/logo1.png
  artifactKey: Guid(057d8c091c9dbfc1187f1b6c943765f9) Importer(815301076,1909f56bfc062723c751e8b465ee728b)
Start importing Assets/Sprites/UI/logo1.png using Guid(057d8c091c9dbfc1187f1b6c943765f9) Importer(815301076,1909f56bfc062723c751e8b465ee728b)  -> (artifact id: '8ac5867da8fa8f40af7cbbae2d95f77e') in 0,009109 seconds 
  Import took 0,012141 seconds .

========================================================================
Received Import Request.
  Time since last request: 16176,933653 seconds.
  path: Assets/Sprites/Gameplay/girl.png
  artifactKey: Guid(64fde2c203f8acb9f83c2af18c980e9e) Importer(815301076,1909f56bfc062723c751e8b465ee728b)
Start importing Assets/Sprites/Gameplay/girl.png using Guid(64fde2c203f8acb9f83c2af18c980e9e) Importer(815301076,1909f56bfc062723c751e8b465ee728b)  -> (artifact id: '1823638b2fb019bd3f20cb2a9797c847') in 0,005388 seconds 
  Import took 0,008395 seconds .

========================================================================
Received Prepare
Registering precompiled user dll's ...
Registered in 0,003062 seconds.
Begin MonoManager ReloadAssembly
Native extension for LinuxStandalone target not found
Native extension for WindowsStandalone target not found
Native extension for OSXStandalone target not found
Native extension for WebGL target not found
Refreshing native plugins compatible for Editor in 0,48 ms, found 0 plugins.
Preloading 0 native plugins for Editor in 0,00 ms.
Mono: successfully reloaded assembly
- Completed reload, in  1,325 seconds
Domain Reload Profiling:
	ReloadAssembly (1325ms)
		BeginReloadAssembly (117ms)
			ExecutionOrderSort (0ms)
			DisableScriptedObjects (6ms)
			BackupInstance (0ms)
			ReleaseScriptingObjects (0ms)
			CreateAndSetChildDomain (48ms)
		EndReloadAssembly (1114ms)
			LoadAssemblies (92ms)
			RebuildTransferFunctionScriptingTraits (0ms)
			SetupTypeCache (418ms)
			ReleaseScriptCaches (1ms)
			RebuildScriptCaches (63ms)
			SetupLoadedEditorAssemblies (371ms)
				LogAssemblyErrors (0ms)
				InitializePlatformSupportModulesInManaged (20ms)
				SetLoadedEditorAssemblies (1ms)
				RefreshPlugins (1ms)
				BeforeProcessingInitializeOnLoad (64ms)
				ProcessInitializeOnLoadAttributes (271ms)
				ProcessInitializeOnLoadMethodAttributes (5ms)
				AfterProcessingInitializeOnLoad (8ms)
				EditorAssembliesLoaded (0ms)
			ExecutionOrderSort2 (0ms)
			AwakeInstancesAfterBackupRestoration (10ms)
Platform modules already initialized, skipping
Refreshing native plugins compatible for Editor in 0,37 ms, found 0 plugins.
Preloading 0 native plugins for Editor in 0,00 ms.
Unloading 1399 Unused Serialized files (Serialized files now loaded: 0)
System memory in use before: 60,8 MB.
System memory in use after: 60,9 MB.

Unloading 11 unused Assets to reduce memory usage. Loaded Objects now: 1882.
Total: 5,577976 ms (FindLiveObjects: 0,258984 ms CreateObjectMapping: 0,070752 ms MarkObjects: 5,202958 ms  DeleteObjects: 0,044214 ms)

AssetImportParameters requested are different than current active one (requested -> active):
  custom:video-decoder-ogg-theora: a1e56fd34408186e4bbccfd4996cb3dc -> 
  custom:container-muxer-webm: aa71ff27fc2769a1b78a27578f13a17b -> 
  custom:container-demuxer-webm: 4f35f7cbe854078d1ac9338744f61a02 -> 
  custom:container-demuxer-ogg: 62fdf1f143b41e24485cea50d1cbac27 -> 
  custom:video-encoder-webm-vp8: eb34c28f22e8b96e1ab97ce403110664 -> 
  custom:video-decoder-webm-vp8: 9c59270c3fd7afecdb556c50c9e8de78 -> 
  custom:audio-decoder-ogg-vorbis: bf7c407c2cedff20999df2af8eb42d56 -> 
  custom:audio-encoder-webm-vorbis: bf7c407c2cedff20999df2af8eb42d56 -> 
========================================================================
Received Prepare
Registering precompiled user dll's ...
Registered in 0,003330 seconds.
Begin MonoManager ReloadAssembly
Native extension for LinuxStandalone target not found
Native extension for WindowsStandalone target not found
Native extension for OSXStandalone target not found
Native extension for WebGL target not found
Refreshing native plugins compatible for Editor in 0,47 ms, found 0 plugins.
Preloading 0 native plugins for Editor in 0,00 ms.
Mono: successfully reloaded assembly
- Completed reload, in  1,320 seconds
Domain Reload Profiling:
	ReloadAssembly (1320ms)
		BeginReloadAssembly (109ms)
			ExecutionOrderSort (0ms)
			DisableScriptedObjects (7ms)
			BackupInstance (0ms)
			ReleaseScriptingObjects (0ms)
			CreateAndSetChildDomain (43ms)
		EndReloadAssembly (1116ms)
			LoadAssemblies (89ms)
			RebuildTransferFunctionScriptingTraits (0ms)
			SetupTypeCache (423ms)
			ReleaseScriptCaches (1ms)
			RebuildScriptCaches (65ms)
			SetupLoadedEditorAssemblies (372ms)
				LogAssemblyErrors (0ms)
				InitializePlatformSupportModulesInManaged (20ms)
				SetLoadedEditorAssemblies (1ms)
				RefreshPlugins (1ms)
				BeforeProcessingInitializeOnLoad (65ms)
				ProcessInitializeOnLoadAttributes (274ms)
				ProcessInitializeOnLoadMethodAttributes (5ms)
				AfterProcessingInitializeOnLoad (7ms)
				EditorAssembliesLoaded (0ms)
			ExecutionOrderSort2 (0ms)
			AwakeInstancesAfterBackupRestoration (10ms)
Platform modules already initialized, skipping
Refreshing native plugins compatible for Editor in 0,37 ms, found 0 plugins.
Preloading 0 native plugins for Editor in 0,00 ms.
Unloading 1433 Unused Serialized files (Serialized files now loaded: 0)
System memory in use before: 61,9 MB.
System memory in use after: 62,0 MB.

Unloading 11 unused Assets to reduce memory usage. Loaded Objects now: 1918.
Total: 5,733493 ms (FindLiveObjects: 0,261484 ms CreateObjectMapping: 0,071455 ms MarkObjects: 5,355613 ms  DeleteObjects: 0,043546 ms)

AssetImportParameters requested are different than current active one (requested -> active):
  custom:video-decoder-ogg-theora: a1e56fd34408186e4bbccfd4996cb3dc -> 
  custom:container-muxer-webm: aa71ff27fc2769a1b78a27578f13a17b -> 
  custom:container-demuxer-webm: 4f35f7cbe854078d1ac9338744f61a02 -> 
  custom:container-demuxer-ogg: 62fdf1f143b41e24485cea50d1cbac27 -> 
  custom:video-encoder-webm-vp8: eb34c28f22e8b96e1ab97ce403110664 -> 
  custom:video-decoder-webm-vp8: 9c59270c3fd7afecdb556c50c9e8de78 -> 
  custom:audio-decoder-ogg-vorbis: bf7c407c2cedff20999df2af8eb42d56 -> 
  custom:audio-encoder-webm-vorbis: bf7c407c2cedff20999df2af8eb42d56 -> 
AssetImportWorkerClient::OnTransportError - code=2 error=End of file
